<?xml version="1.0" encoding="UTF-8"?>
<!-- Generated by org.testng.reporters.JUnitXMLReporter -->
<testsuite ignored="0" hostname="Thinktime" failures="0" tests="0" name="Surefire test" time="0.517" errors="0" timestamp="2025-03-15T11:49:41 IST">
  <testcase classname="runners.TestRunner" name="@BeforeSuite startServer" time="0.045">
    <failure type="java.lang.NullPointerException">
      <![CDATA[java.lang.NullPointerException
at java.base/java.io.File.<init>(File.java:278)
at base.BaseTest.startAppiumServer(BaseTest.java:30)
at runners.TestRunner.startServer(TestRunner.java:19)
... Removed 24 stack frames]]>
    </failure>
  </testcase> <!-- @BeforeSuite startServer -->
  <testcase classname="io.cucumber.testng.AbstractTestNGCucumberTests" name="@BeforeClass setUpClass" time="0.441">
    <failure type="java.lang.IllegalArgumentException" message="path must exist: D:\New folder (2)\Appium_Android_iOS\src\test\resources\features">
      <![CDATA[java.lang.IllegalArgumentException: path must exist: D:\New folder (2)\Appium_Android_iOS\src\test\resources\features
at io.cucumber.core.resource.PathScanner.findResourcesForPath(PathScanner.java:49)
at io.cucumber.core.resource.PathScanner.findResourcesForUri(PathScanner.java:31)
at io.cucumber.core.resource.ResourceScanner.findResourcesForUri(ResourceScanner.java:61)
at io.cucumber.core.resource.ResourceScanner.scanForResourcesUri(ResourceScanner.java:134)
at io.cucumber.core.runtime.FeaturePathFeatureSupplier.loadFeatures(FeaturePathFeatureSupplier.java:62)
at io.cucumber.core.runtime.FeaturePathFeatureSupplier.get(FeaturePathFeatureSupplier.java:45)
at io.cucumber.testng.TestNGCucumberRunner.<init>(TestNGCucumberRunner.java:125)
at io.cucumber.testng.AbstractTestNGCucumberTests.setUpClass(AbstractTestNGCucumberTests.java:27)
at java.base/java.util.ArrayList.forEach(ArrayList.java:1511)
... Removed 30 stack frames]]>
    </failure>
  </testcase> <!-- @BeforeClass setUpClass -->
</testsuite> <!-- Surefire test -->
