<?xml version="1.0" encoding="UTF-8"?>
<testng-results ignored="0" total="1" passed="1" failed="0" skipped="0">
  <reporter-output>
  </reporter-output>
  <suite started-at="2025-03-15T20:57:58 IST" name="Default suite" finished-at="2025-03-15T20:58:33 IST" duration-ms="35486">
    <groups>
      <group name="cucumber">
        <method signature="AbstractTestNGCucumberTests.runScenario(io.cucumber.testng.PickleWrapper,io.cucumber.testng.FeatureWrapper)[pri:0, instance:runners.TestRunner@6913c1fb]" name="runScenario" class="io.cucumber.testng.AbstractTestNGCucumberTests"/>
      </group> <!-- cucumber -->
    </groups>
    <test started-at="2025-03-15T20:57:58 IST" name="Default test" finished-at="2025-03-15T20:58:33 IST" duration-ms="35486">
      <class name="runners.TestRunner">
        <test-method is-config="true" signature="setUpClass(org.testng.ITestContext)[pri:0, instance:runners.TestRunner@6913c1fb]" started-at="2025-03-15T20:57:58 IST" name="setUpClass" finished-at="2025-03-15T20:57:58 IST" duration-ms="599" status="PASS">
          <params>
            <param index="0">
              <value>
                <![CDATA[org.testng.TestRunner@3f985a86]]>
              </value>
            </param>
          </params>
          <reporter-output>
          </reporter-output>
        </test-method> <!-- setUpClass -->
        <test-method is-config="true" signature="globalSetUp()[pri:0, instance:runners.TestRunner@6913c1fb]" started-at="2025-03-15T20:57:58 IST" name="globalSetUp" finished-at="2025-03-15T20:58:10 IST" duration-ms="11609" status="PASS">
          <reporter-output>
          </reporter-output>
        </test-method> <!-- globalSetUp -->
        <test-method signature="runScenario(io.cucumber.testng.PickleWrapper,io.cucumber.testng.FeatureWrapper)[pri:0, instance:runners.TestRunner@6913c1fb]" started-at="2025-03-15T20:58:10 IST" name="runScenario" description="Runs Cucumber Scenarios" data-provider="scenarios" finished-at="2025-03-15T20:58:33 IST" duration-ms="23163" status="PASS">
          <params>
            <param index="0">
              <value>
                <![CDATA["Complete checkout flow on the mobile app"]]>
              </value>
            </param>
            <param index="1">
              <value>
                <![CDATA["Mobile App Checkout Flow"]]>
              </value>
            </param>
          </params>
          <reporter-output>
          </reporter-output>
        </test-method> <!-- runScenario -->
        <test-method is-config="true" signature="tearDownClass()[pri:0, instance:runners.TestRunner@6913c1fb]" started-at="2025-03-15T20:58:33 IST" name="tearDownClass" finished-at="2025-03-15T20:58:33 IST" duration-ms="22" status="PASS">
          <reporter-output>
          </reporter-output>
        </test-method> <!-- tearDownClass -->
      </class> <!-- runners.TestRunner -->
    </test> <!-- Default test -->
  </suite> <!-- Default suite -->
</testng-results>
